time="2022-06-03T00:25:20+03:00" level=info msg="create mongodb composite" func="main.go:16" file="main.main()"
time="2022-06-03T00:25:20+03:00" level=info msg="config initializing" func="main.go:18" file="main.main()"
time="2022-06-03T00:25:20+03:00" level=info msg="read application config" func="config.go:33" file="GoClearArch/internal/config.GetConfig.func1()"
time="2022-06-03T00:25:20+03:00" level=info func="config.go:37" file="GoClearArch/internal/config.GetConfig.func1()"
time="2022-06-03T00:25:20+03:00" level=fatal msg="open config.yml: The system cannot find the file specified." func="config.go:38" file="GoClearArch/internal/config.GetConfig.func1()"
time="2022-06-03T00:29:32+03:00" level=info msg="create mongodb composite" func="main.go:16" file="main.main()"
time="2022-06-03T00:29:32+03:00" level=info msg="config initializing" func="main.go:18" file="main.main()"
time="2022-06-03T00:29:32+03:00" level=info msg="read application config" func="config.go:33" file="GoClearArch/internal/config.GetConfig.func1()"
time="2022-06-03T00:29:32+03:00" level=info func="config.go:37" file="GoClearArch/internal/config.GetConfig.func1()"
time="2022-06-03T00:29:32+03:00" level=fatal msg="open config.yml: The system cannot find the file specified." func="config.go:38" file="GoClearArch/internal/config.GetConfig.func1()"
time="2022-06-03T00:30:02+03:00" level=info msg="create mongodb composite" func="main.go:16" file="main.main()"
time="2022-06-03T00:30:02+03:00" level=info msg="config initializing" func="main.go:18" file="main.main()"
time="2022-06-03T00:30:02+03:00" level=info msg="read application config" func="config.go:33" file="GoClearArch/internal/config.GetConfig.func1()"
time="2022-06-03T00:30:02+03:00" level=info func="config.go:37" file="GoClearArch/internal/config.GetConfig.func1()"
time="2022-06-03T00:30:02+03:00" level=fatal msg="open /config.yml: The system cannot find the file specified." func="config.go:38" file="GoClearArch/internal/config.GetConfig.func1()"
time="2022-06-03T00:30:39+03:00" level=info msg="create mongodb composite" func="main.go:16" file="main.main()"
time="2022-06-03T00:30:39+03:00" level=info msg="config initializing" func="main.go:18" file="main.main()"
time="2022-06-03T00:30:39+03:00" level=info msg="read application config" func="config.go:33" file="GoClearArch/internal/config.GetConfig.func1()"
time="2022-06-03T00:30:39+03:00" level=info func="config.go:37" file="GoClearArch/internal/config.GetConfig.func1()"
time="2022-06-03T00:30:39+03:00" level=fatal msg="open ./config.yml: The system cannot find the file specified." func="config.go:38" file="GoClearArch/internal/config.GetConfig.func1()"
time="2022-06-03T00:34:34+03:00" level=info msg="create mongodb composite" func="main.go:16" file="main.main()"
time="2022-06-03T00:34:34+03:00" level=info msg="config initializing" func="main.go:18" file="main.main()"
time="2022-06-03T00:34:34+03:00" level=info msg="read application config" func="config.go:33" file="GoClearArch/internal/config.GetConfig.func1()"
time="2022-06-03T00:34:34+03:00" level=info func="config.go:37" file="GoClearArch/internal/config.GetConfig.func1()"
time="2022-06-03T00:34:34+03:00" level=fatal msg="open ./config.yml: The system cannot find the file specified." func="config.go:38" file="GoClearArch/internal/config.GetConfig.func1()"
time="2022-06-03T00:34:44+03:00" level=info msg="create mongodb composite" func="main.go:16" file="main.main()"
time="2022-06-03T00:34:44+03:00" level=info msg="config initializing" func="main.go:18" file="main.main()"
time="2022-06-03T00:34:44+03:00" level=info msg="read application config" func="config.go:33" file="GoClearArch/internal/config.GetConfig.func1()"
time="2022-06-03T00:34:44+03:00" level=info func="config.go:37" file="GoClearArch/internal/config.GetConfig.func1()"
time="2022-06-03T00:34:44+03:00" level=fatal msg="open ./config.yml: The system cannot find the file specified." func="config.go:38" file="GoClearArch/internal/config.GetConfig.func1()"
time="2022-06-03T00:35:56+03:00" level=info msg="create mongodb composite" func="main.go:16" file="main.main()"
time="2022-06-03T00:35:56+03:00" level=info msg="config initializing" func="main.go:18" file="main.main()"
time="2022-06-03T00:35:56+03:00" level=info msg="router initializing" func="main.go:21" file="main.main()"
time="2022-06-03T00:35:56+03:00" level=info msg="mongodb composite initializing" func="main.go:24" file="main.main()"
time="2022-06-03T00:35:56+03:00" level=info msg="request composite initializing" func="main.go:30" file="main.main()"
time="2022-06-03T00:40:39+03:00" level=info msg="create mongodb composite" func="main.go:16" file="main.main()"
time="2022-06-03T00:40:39+03:00" level=info msg="config initializing" func="main.go:18" file="main.main()"
time="2022-06-03T00:40:39+03:00" level=info msg="router initializing" func="main.go:21" file="main.main()"
time="2022-06-03T00:40:39+03:00" level=info msg="mongodb composite initializing" func="main.go:24" file="main.main()"
time="2022-06-03T00:40:39+03:00" level=info msg="request composite initializing" func="main.go:30" file="main.main()"
time="2022-06-03T01:16:31+03:00" level=info msg="create mongodb composite" func="main.go:18" file="main.main()"
time="2022-06-03T01:16:31+03:00" level=info msg="config initializing" func="main.go:20" file="main.main()"
time="2022-06-03T01:16:31+03:00" level=info msg="router initializing" func="main.go:23" file="main.main()"
time="2022-06-03T01:16:31+03:00" level=info msg="mongodb composite initializing" func="main.go:26" file="main.main()"
time="2022-06-03T01:16:32+03:00" level=info msg="request composite initializing" func="main.go:32" file="main.main()"
time="2022-06-03T01:18:49+03:00" level=info msg="create mongodb composite" func="main.go:18" file="main.main()"
time="2022-06-03T01:18:49+03:00" level=info msg="config initializing" func="main.go:20" file="main.main()"
time="2022-06-03T01:18:49+03:00" level=info msg="router initializing" func="main.go:23" file="main.main()"
time="2022-06-03T01:18:49+03:00" level=info msg="mongodb composite initializing" func="main.go:26" file="main.main()"
time="2022-06-03T01:18:49+03:00" level=info msg="request composite initializing" func="main.go:32" file="main.main()"
time="2022-06-03T01:20:09+03:00" level=info msg="create mongodb composite" func="main.go:18" file="main.main()"
time="2022-06-03T01:20:09+03:00" level=info msg="config initializing" func="main.go:20" file="main.main()"
time="2022-06-03T01:20:09+03:00" level=info msg="router initializing" func="main.go:23" file="main.main()"
time="2022-06-03T01:20:09+03:00" level=info msg="mongodb composite initializing" func="main.go:26" file="main.main()"
time="2022-06-03T01:20:10+03:00" level=info msg="request composite initializing" func="main.go:32" file="main.main()"
time="2022-06-03T01:21:03+03:00" level=info msg="create mongodb composite" func="main.go:18" file="main.main()"
time="2022-06-03T01:21:03+03:00" level=info msg="config initializing" func="main.go:20" file="main.main()"
time="2022-06-03T01:21:03+03:00" level=info msg="router initializing" func="main.go:23" file="main.main()"
time="2022-06-03T01:21:03+03:00" level=info msg="mongodb composite initializing" func="main.go:26" file="main.main()"
time="2022-06-03T01:21:04+03:00" level=info msg="request composite initializing" func="main.go:32" file="main.main()"
time="2022-06-03T01:21:47+03:00" level=info msg="create mongodb composite" func="main.go:18" file="main.main()"
time="2022-06-03T01:21:47+03:00" level=info msg="config initializing" func="main.go:20" file="main.main()"
time="2022-06-03T01:21:47+03:00" level=info msg="router initializing" func="main.go:23" file="main.main()"
time="2022-06-03T01:21:47+03:00" level=info msg="mongodb composite initializing" func="main.go:26" file="main.main()"
time="2022-06-03T01:21:47+03:00" level=info msg="request composite initializing" func="main.go:32" file="main.main()"
time="2022-06-03T01:21:50+03:00" level=info msg="RABOTAEEEEEEEEEEEEEEEEEET initializing" func="handlers.go:30" file="GoClearArch/internal/adapters/api/request.(*handler).GetRequest()"
time="2022-06-03T01:21:51+03:00" level=info msg="RABOTAEEEEEEEEEEEEEEEEEET initializing" func="handlers.go:30" file="GoClearArch/internal/adapters/api/request.(*handler).GetRequest()"
time="2022-06-03T01:21:51+03:00" level=info msg="RABOTAEEEEEEEEEEEEEEEEEET initializing" func="handlers.go:30" file="GoClearArch/internal/adapters/api/request.(*handler).GetRequest()"
time="2022-06-03T01:22:15+03:00" level=info msg="create mongodb composite" func="main.go:18" file="main.main()"
time="2022-06-03T01:22:15+03:00" level=info msg="config initializing" func="main.go:20" file="main.main()"
time="2022-06-03T01:22:15+03:00" level=info msg="router initializing" func="main.go:23" file="main.main()"
time="2022-06-03T01:22:15+03:00" level=info msg="mongodb composite initializing" func="main.go:26" file="main.main()"
time="2022-06-03T01:22:16+03:00" level=info msg="request composite initializing" func="main.go:32" file="main.main()"
time="2022-06-03T01:23:20+03:00" level=info msg="create mongodb composite" func="main.go:18" file="main.main()"
time="2022-06-03T01:23:20+03:00" level=info msg="mongodb composite initializing" func="main.go:20" file="main.main()"
time="2022-06-03T01:23:20+03:00" level=info msg="request composite initializing" func="main.go:26" file="main.main()"
time="2022-06-03T01:24:13+03:00" level=info msg="create mongodb composite" func="main.go:18" file="main.main()"
time="2022-06-03T01:24:13+03:00" level=info msg="mongodb composite initializing" func="main.go:20" file="main.main()"
time="2022-06-03T01:24:14+03:00" level=info msg="request composite initializing" func="main.go:26" file="main.main()"
time="2022-06-03T01:24:14+03:00" level=info msg="router initializing" func="main.go:32" file="main.main()"
time="2022-06-03T01:24:14+03:00" level=info msg="server start" func="main.go:36" file="main.main()"
time="2022-06-03T01:25:44+03:00" level=info msg="create mongodb composite" func="main.go:20" file="main.main()"
time="2022-06-03T01:25:44+03:00" level=info msg="mongodb composite initializing" func="main.go:22" file="main.main()"
time="2022-06-03T01:25:45+03:00" level=info msg="request composite initializing" func="main.go:28" file="main.main()"
time="2022-06-03T01:25:45+03:00" level=info msg="router initializing" func="main.go:34" file="main.main()"
time="2022-06-03T01:25:45+03:00" level=info msg="server start" func="main.go:38" file="main.main()"
time="2022-06-03T01:26:31+03:00" level=info msg="create mongodb composite" func="main.go:20" file="main.main()"
time="2022-06-03T01:26:31+03:00" level=info msg="mongodb composite initializing" func="main.go:22" file="main.main()"
time="2022-06-03T01:26:31+03:00" level=info msg="request composite initializing" func="main.go:28" file="main.main()"
time="2022-06-03T01:26:31+03:00" level=info msg="router initializing" func="main.go:34" file="main.main()"
time="2022-06-03T01:26:31+03:00" level=info msg="server start" func="main.go:38" file="main.main()"
time="2022-06-03T02:09:21+03:00" level=info msg="create mongodb composite" func="main.go:15" file="main.main()"
time="2022-06-03T02:09:21+03:00" level=info msg="mongodb composite initializing" func="main.go:16" file="main.main()"
time="2022-06-03T02:09:22+03:00" level=info msg="request composite initializing" func="main.go:22" file="main.main()"
time="2022-06-03T02:09:22+03:00" level=info msg="router initializing" func="main.go:28" file="main.main()"
time="2022-06-03T02:09:22+03:00" level=info msg="server start" func="main.go:32" file="main.main()"
time="2022-06-03T03:05:35+03:00" level=info msg="create mongodb composite" func="main.go:15" file="main.main()"
time="2022-06-03T03:05:36+03:00" level=info msg="mongodb connection successful" func="client.go:43" file="GoClearArch/pkg/client/mongodb.NewClient()"
time="2022-06-03T03:05:36+03:00" level=info msg="request composite initializing" func="main.go:22" file="main.main()"
time="2022-06-03T03:05:36+03:00" level=info msg="router initializing" func="main.go:28" file="main.main()"
time="2022-06-03T03:05:36+03:00" level=info msg="server start" func="main.go:32" file="main.main()"
time="2022-06-03T03:06:12+03:00" level=info msg="create mongodb composite" func="main.go:15" file="main.main()"
time="2022-06-03T03:06:12+03:00" level=info msg="mongodb connection successful" func="client.go:43" file="GoClearArch/pkg/client/mongodb.NewClient()"
time="2022-06-03T03:06:12+03:00" level=info msg="request composite initializing" func="main.go:22" file="main.main()"
time="2022-06-03T03:06:12+03:00" level=info msg="router initializing" func="main.go:28" file="main.main()"
time="2022-06-03T03:06:12+03:00" level=info msg="server start" func="main.go:32" file="main.main()"
time="2022-06-03T03:08:11+03:00" level=info msg="create mongodb composite" func="main.go:15" file="main.main()"
time="2022-06-03T03:08:11+03:00" level=info msg="mongodb connection successful" func="client.go:43" file="GoClearArch/pkg/client/mongodb.NewClient()"
time="2022-06-03T03:08:11+03:00" level=info msg="request composite initializing" func="main.go:22" file="main.main()"
time="2022-06-03T03:08:11+03:00" level=info msg="router initializing" func="main.go:28" file="main.main()"
time="2022-06-03T03:08:11+03:00" level=info msg="server start" func="main.go:32" file="main.main()"
time="2022-06-03T03:12:04+03:00" level=info msg="create mongodb composite" func="main.go:15" file="main.main()"
time="2022-06-03T03:12:04+03:00" level=info msg="mongodb connection successful" func="client.go:44" file="GoClearArch/pkg/client/mongodb.NewClient()"
time="2022-06-03T03:12:04+03:00" level=info msg="request composite initializing" func="main.go:22" file="main.main()"
time="2022-06-03T03:12:04+03:00" level=info msg="router initializing" func="main.go:28" file="main.main()"
time="2022-06-03T03:12:04+03:00" level=info msg="server start" func="main.go:32" file="main.main()"
time="2022-06-03T03:13:48+03:00" level=info msg="create mongodb composite" func="main.go:15" file="main.main()"
time="2022-06-03T03:13:48+03:00" level=info msg="mongodb connection successful" func="client.go:44" file="GoClearArch/pkg/client/mongodb.NewClient()"
time="2022-06-03T03:13:48+03:00" level=info msg="request composite initializing" func="main.go:22" file="main.main()"
time="2022-06-03T03:13:48+03:00" level=info msg="router initializing" func="main.go:28" file="main.main()"
time="2022-06-03T03:13:48+03:00" level=info msg="server start" func="main.go:32" file="main.main()"
time="2022-06-03T03:15:32+03:00" level=info msg="create mongodb composite" func="main.go:15" file="main.main()"
time="2022-06-03T03:15:32+03:00" level=info msg="mongodb connection successful" func="client.go:44" file="GoClearArch/pkg/client/mongodb.NewClient()"
time="2022-06-03T03:15:32+03:00" level=info msg="request composite initializing" func="main.go:22" file="main.main()"
time="2022-06-03T03:15:32+03:00" level=info msg="router initializing" func="main.go:28" file="main.main()"
time="2022-06-03T03:15:32+03:00" level=info msg="server start" func="main.go:32" file="main.main()"
time="2022-06-03T03:53:39+03:00" level=info msg="create mongodb composite" func="main.go:15" file="main.main()"
time="2022-06-03T03:53:39+03:00" level=info msg="mongodb connection successful" func="client.go:44" file="GoClearArch/pkg/client/mongodb.NewClient()"
time="2022-06-03T03:53:39+03:00" level=info msg="request composite initializing" func="main.go:23" file="main.main()"
time="2022-06-03T03:53:39+03:00" level=info msg="router initializing" func="main.go:29" file="main.main()"
time="2022-06-03T03:53:39+03:00" level=info msg="server start" func="main.go:33" file="main.main()"
time="2022-06-03T03:55:40+03:00" level=info msg="create mongodb composite" func="main.go:15" file="main.main()"
time="2022-06-03T03:55:40+03:00" level=info msg="mongodb connection successful" func="client.go:44" file="GoClearArch/pkg/client/mongodb.NewClient()"
time="2022-06-03T03:56:15+03:00" level=info msg="create mongodb composite" func="main.go:15" file="main.main()"
time="2022-06-03T03:56:15+03:00" level=info msg="mongodb connection successful" func="client.go:44" file="GoClearArch/pkg/client/mongodb.NewClient()"
time="2022-06-03T03:56:15+03:00" level=info msg="request composite initializing" func="main.go:23" file="main.main()"
time="2022-06-03T03:56:15+03:00" level=info msg="router initializing" func="main.go:29" file="main.main()"
time="2022-06-03T03:56:15+03:00" level=info msg="server start" func="main.go:33" file="main.main()"
time="2022-06-03T04:02:10+03:00" level=info msg="create mongodb composite" func="main.go:15" file="main.main()"
time="2022-06-03T04:02:10+03:00" level=info msg="mongodb connection successful" func="client.go:44" file="GoClearArch/pkg/client/mongodb.NewClient()"
time="2022-06-03T04:02:10+03:00" level=info msg="database initialized" func="mongodb.go:24" file="GoClearArch/internal/composites.NewMongoDBComposite()"
time="2022-06-03T04:02:10+03:00" level=info msg="request composite initializing" func="main.go:23" file="main.main()"
time="2022-06-03T04:02:10+03:00" level=info msg="router initializing" func="main.go:29" file="main.main()"
time="2022-06-03T04:02:10+03:00" level=info msg="server start" func="main.go:33" file="main.main()"
time="2022-06-03T04:07:29+03:00" level=info msg="create mongodb composite" func="main.go:15" file="main.main()"
time="2022-06-03T04:07:29+03:00" level=info msg="mongodb connection successful" func="client.go:44" file="GoClearArch/pkg/client/mongodb.NewClient()"
time="2022-06-03T04:07:37+03:00" level=info msg="create mongodb composite" func="main.go:15" file="main.main()"
time="2022-06-03T04:07:37+03:00" level=info msg="mongodb connection successful" func="client.go:44" file="GoClearArch/pkg/client/mongodb.NewClient()"
time="2022-06-03T04:08:42+03:00" level=info msg="create mongodb composite" func="main.go:15" file="main.main()"
time="2022-06-03T04:08:42+03:00" level=info msg="mongodb connection successful" func="client.go:44" file="GoClearArch/pkg/client/mongodb.NewClient()"
time="2022-06-03T04:09:26+03:00" level=info msg="create mongodb composite" func="main.go:15" file="main.main()"
time="2022-06-03T04:09:26+03:00" level=info msg="mongodb connection successful" func="client.go:44" file="GoClearArch/pkg/client/mongodb.NewClient()"
time="2022-06-03T04:09:27+03:00" level=info msg="database initialized" func="mongodb.go:24" file="GoClearArch/internal/composites.NewMongoDBComposite()"
time="2022-06-03T04:09:27+03:00" level=info msg="request composite initializing" func="main.go:23" file="main.main()"
time="2022-06-03T04:09:27+03:00" level=info msg="router initializing" func="main.go:29" file="main.main()"
time="2022-06-03T04:09:27+03:00" level=info msg="server start" func="main.go:33" file="main.main()"
time="2022-06-03T04:33:55+03:00" level=info msg="create mongodb composite" func="main.go:15" file="main.main()"
time="2022-06-03T04:33:55+03:00" level=info msg="mongodb connection successful" func="client.go:44" file="GoClearArch/pkg/client/mongodb.NewClient()"
time="2022-06-03T04:33:55+03:00" level=info msg="database initialized" func="mongodb.go:24" file="GoClearArch/internal/composites.NewMongoDBComposite()"
time="2022-06-03T04:33:55+03:00" level=info msg="request composite initializing" func="main.go:23" file="main.main()"
time="2022-06-03T04:33:55+03:00" level=info msg="router initializing" func="main.go:29" file="main.main()"
time="2022-06-03T04:33:55+03:00" level=info msg="server start" func="main.go:33" file="main.main()"
time="2022-06-03T04:34:13+03:00" level=info msg="create mongodb composite" func="main.go:15" file="main.main()"
time="2022-06-03T04:34:13+03:00" level=info msg="mongodb connection successful" func="client.go:44" file="GoClearArch/pkg/client/mongodb.NewClient()"
time="2022-06-03T04:34:13+03:00" level=info msg="database initialized" func="mongodb.go:24" file="GoClearArch/internal/composites.NewMongoDBComposite()"
time="2022-06-03T04:34:13+03:00" level=info msg="request composite initializing" func="main.go:23" file="main.main()"
time="2022-06-03T04:34:13+03:00" level=info msg="router initializing" func="main.go:29" file="main.main()"
time="2022-06-03T04:34:13+03:00" level=info msg="server start" func="main.go:33" file="main.main()"
time="2022-06-03T04:34:24+03:00" level=info msg="create mongodb composite" func="main.go:15" file="main.main()"
time="2022-06-03T04:34:24+03:00" level=info msg="mongodb connection successful" func="client.go:44" file="GoClearArch/pkg/client/mongodb.NewClient()"
time="2022-06-03T04:34:24+03:00" level=info msg="database initialized" func="mongodb.go:24" file="GoClearArch/internal/composites.NewMongoDBComposite()"
time="2022-06-03T04:34:24+03:00" level=info msg="request composite initializing" func="main.go:23" file="main.main()"
time="2022-06-03T04:34:24+03:00" level=info msg="router initializing" func="main.go:29" file="main.main()"
time="2022-06-03T04:34:24+03:00" level=info msg="server start" func="main.go:33" file="main.main()"
time="2022-06-03T04:35:13+03:00" level=info msg="create mongodb composite" func="main.go:15" file="main.main()"
time="2022-06-03T04:35:14+03:00" level=info msg="mongodb connection successful" func="client.go:44" file="GoClearArch/pkg/client/mongodb.NewClient()"
time="2022-06-03T04:35:14+03:00" level=info msg="database initialized" func="mongodb.go:24" file="GoClearArch/internal/composites.NewMongoDBComposite()"
time="2022-06-03T04:35:14+03:00" level=info msg="request composite initializing" func="main.go:23" file="main.main()"
time="2022-06-03T04:35:14+03:00" level=info msg="router initializing" func="main.go:29" file="main.main()"
time="2022-06-03T04:35:14+03:00" level=info msg="server start" func="main.go:33" file="main.main()"
time="2022-06-03T04:35:43+03:00" level=info msg="create mongodb composite" func="main.go:15" file="main.main()"
time="2022-06-03T04:35:43+03:00" level=info msg="mongodb connection successful" func="client.go:44" file="GoClearArch/pkg/client/mongodb.NewClient()"
time="2022-06-03T04:35:43+03:00" level=info msg="database initialized" func="mongodb.go:24" file="GoClearArch/internal/composites.NewMongoDBComposite()"
time="2022-06-03T04:35:43+03:00" level=info msg="request composite initializing" func="main.go:23" file="main.main()"
time="2022-06-03T04:35:43+03:00" level=info msg="router initializing" func="main.go:29" file="main.main()"
time="2022-06-03T04:35:43+03:00" level=info msg="server start" func="main.go:33" file="main.main()"
time="2022-06-03T04:35:57+03:00" level=info msg="create mongodb composite" func="main.go:15" file="main.main()"
time="2022-06-03T04:35:57+03:00" level=info msg="mongodb connection successful" func="client.go:44" file="GoClearArch/pkg/client/mongodb.NewClient()"
time="2022-06-03T04:35:57+03:00" level=info msg="database initialized" func="mongodb.go:24" file="GoClearArch/internal/composites.NewMongoDBComposite()"
time="2022-06-03T04:35:57+03:00" level=info msg="request composite initializing" func="main.go:23" file="main.main()"
time="2022-06-03T04:35:57+03:00" level=info msg="router initializing" func="main.go:29" file="main.main()"
time="2022-06-03T04:35:57+03:00" level=info msg="server start" func="main.go:33" file="main.main()"
time="2022-06-03T04:37:19+03:00" level=info msg="create mongodb composite" func="main.go:15" file="main.main()"
time="2022-06-03T04:37:19+03:00" level=info msg="mongodb connection successful" func="client.go:44" file="GoClearArch/pkg/client/mongodb.NewClient()"
time="2022-06-03T04:37:19+03:00" level=info msg="database initialized" func="mongodb.go:24" file="GoClearArch/internal/composites.NewMongoDBComposite()"
time="2022-06-03T04:37:19+03:00" level=info msg="request composite initializing" func="main.go:23" file="main.main()"
time="2022-06-03T04:37:19+03:00" level=info msg="router initializing" func="main.go:29" file="main.main()"
time="2022-06-03T04:37:19+03:00" level=info msg="server start" func="main.go:33" file="main.main()"
time="2022-06-03T04:37:28+03:00" level=info msg="create mongodb composite" func="main.go:15" file="main.main()"
time="2022-06-03T04:37:28+03:00" level=info msg="mongodb connection successful" func="client.go:44" file="GoClearArch/pkg/client/mongodb.NewClient()"
time="2022-06-03T04:37:28+03:00" level=info msg="database initialized" func="mongodb.go:24" file="GoClearArch/internal/composites.NewMongoDBComposite()"
time="2022-06-03T04:37:28+03:00" level=info msg="request composite initializing" func="main.go:23" file="main.main()"
time="2022-06-03T04:37:28+03:00" level=info msg="router initializing" func="main.go:29" file="main.main()"
time="2022-06-03T04:37:28+03:00" level=info msg="server start" func="main.go:33" file="main.main()"
time="2022-06-03T04:44:41+03:00" level=info msg="create mongodb composite" func="main.go:15" file="main.main()"
time="2022-06-03T04:44:41+03:00" level=info msg="mongodb connection successful" func="client.go:44" file="GoClearArch/pkg/client/mongodb.NewClient()"
time="2022-06-03T04:44:41+03:00" level=info msg="database initialized" func="mongodb.go:24" file="GoClearArch/internal/composites.NewMongoDBComposite()"
time="2022-06-03T04:44:41+03:00" level=info msg="request composite initializing" func="main.go:23" file="main.main()"
time="2022-06-03T04:44:41+03:00" level=info msg="router initializing" func="main.go:29" file="main.main()"
time="2022-06-03T04:44:41+03:00" level=info msg="server start" func="main.go:33" file="main.main()"
time="2022-06-03T04:55:40+03:00" level=info msg="create mongodb composite" func="main.go:15" file="main.main()"
time="2022-06-03T04:55:40+03:00" level=info msg="mongodb connection successful" func="client.go:44" file="GoClearArch/pkg/client/mongodb.NewClient()"
time="2022-06-03T04:55:40+03:00" level=info msg="database initialized" func="mongodb.go:25" file="GoClearArch/internal/composites.NewMongoDBComposite()"
time="2022-06-03T04:55:40+03:00" level=info msg="request composite initializing" func="main.go:23" file="main.main()"
time="2022-06-03T04:55:40+03:00" level=info msg="router initializing" func="main.go:29" file="main.main()"
time="2022-06-03T04:55:40+03:00" level=info msg="server start" func="main.go:33" file="main.main()"
time="2022-06-03T05:05:10+03:00" level=info msg="create mongodb composite" func="main.go:15" file="main.main()"
time="2022-06-03T05:05:10+03:00" level=info msg="mongodb connection successful" func="client.go:44" file="GoClearArch/pkg/client/mongodb.NewClient()"
time="2022-06-03T05:05:10+03:00" level=info msg="database initialized" func="mongodb.go:25" file="GoClearArch/internal/composites.NewMongoDBComposite()"
time="2022-06-03T05:05:10+03:00" level=info msg="request composite initializing" func="main.go:23" file="main.main()"
time="2022-06-03T05:05:10+03:00" level=info msg="router initializing" func="main.go:29" file="main.main()"
time="2022-06-03T05:05:10+03:00" level=info msg="server start" func="main.go:33" file="main.main()"
time="2022-06-03T05:06:07+03:00" level=info msg="create mongodb composite" func="main.go:15" file="main.main()"
time="2022-06-03T05:06:07+03:00" level=info msg="mongodb connection successful" func="client.go:44" file="GoClearArch/pkg/client/mongodb.NewClient()"
time="2022-06-03T05:06:07+03:00" level=info msg="database initialized" func="mongodb.go:25" file="GoClearArch/internal/composites.NewMongoDBComposite()"
time="2022-06-03T05:06:07+03:00" level=info msg="request composite initializing" func="main.go:23" file="main.main()"
time="2022-06-03T05:06:07+03:00" level=info msg="router initializing" func="main.go:29" file="main.main()"
time="2022-06-03T05:06:07+03:00" level=info msg="server start" func="main.go:33" file="main.main()"
time="2022-06-03T05:09:11+03:00" level=info msg="create mongodb composite" func="main.go:15" file="main.main()"
time="2022-06-03T05:09:11+03:00" level=info msg="mongodb connection successful" func="client.go:44" file="GoClearArch/pkg/client/mongodb.NewClient()"
time="2022-06-03T05:09:12+03:00" level=info msg="database initialized" func="mongodb.go:25" file="GoClearArch/internal/composites.NewMongoDBComposite()"
time="2022-06-03T05:09:12+03:00" level=info msg="request composite initializing" func="main.go:23" file="main.main()"
time="2022-06-03T05:09:12+03:00" level=info msg="router initializing" func="main.go:29" file="main.main()"
time="2022-06-03T05:09:12+03:00" level=info msg="server start" func="main.go:33" file="main.main()"
time="2022-06-03T05:09:34+03:00" level=info msg="create mongodb composite" func="main.go:15" file="main.main()"
time="2022-06-03T05:09:34+03:00" level=info msg="mongodb connection successful" func="client.go:44" file="GoClearArch/pkg/client/mongodb.NewClient()"
time="2022-06-03T05:09:34+03:00" level=info msg="database initialized" func="mongodb.go:25" file="GoClearArch/internal/composites.NewMongoDBComposite()"
time="2022-06-03T05:09:34+03:00" level=info msg="request composite initializing" func="main.go:23" file="main.main()"
time="2022-06-03T05:09:34+03:00" level=info msg="router initializing" func="main.go:29" file="main.main()"
time="2022-06-03T05:09:34+03:00" level=info msg="server start" func="main.go:33" file="main.main()"
time="2022-06-03T05:10:45+03:00" level=info msg="create mongodb composite" func="main.go:15" file="main.main()"
time="2022-06-03T05:10:45+03:00" level=info msg="mongodb connection successful" func="client.go:44" file="GoClearArch/pkg/client/mongodb.NewClient()"
time="2022-06-03T05:10:45+03:00" level=info msg="database initialized" func="mongodb.go:25" file="GoClearArch/internal/composites.NewMongoDBComposite()"
time="2022-06-03T05:10:45+03:00" level=info msg="request composite initializing" func="main.go:23" file="main.main()"
time="2022-06-03T05:10:45+03:00" level=info msg="router initializing" func="main.go:29" file="main.main()"
time="2022-06-03T05:10:45+03:00" level=info msg="server start" func="main.go:33" file="main.main()"
time="2022-06-03T05:11:01+03:00" level=info msg="create mongodb composite" func="main.go:15" file="main.main()"
time="2022-06-03T05:11:01+03:00" level=info msg="mongodb connection successful" func="client.go:44" file="GoClearArch/pkg/client/mongodb.NewClient()"
time="2022-06-03T05:11:01+03:00" level=info msg="database initialized" func="mongodb.go:25" file="GoClearArch/internal/composites.NewMongoDBComposite()"
time="2022-06-03T05:11:01+03:00" level=info msg="request composite initializing" func="main.go:23" file="main.main()"
time="2022-06-03T05:11:01+03:00" level=info msg="router initializing" func="main.go:29" file="main.main()"
time="2022-06-03T05:11:01+03:00" level=info msg="server start" func="main.go:33" file="main.main()"
time="2022-06-03T05:11:18+03:00" level=info msg="create mongodb composite" func="main.go:15" file="main.main()"
time="2022-06-03T05:11:18+03:00" level=info msg="mongodb connection successful" func="client.go:44" file="GoClearArch/pkg/client/mongodb.NewClient()"
time="2022-06-03T05:11:18+03:00" level=info msg="database initialized" func="mongodb.go:25" file="GoClearArch/internal/composites.NewMongoDBComposite()"
time="2022-06-03T05:11:18+03:00" level=info msg="request composite initializing" func="main.go:23" file="main.main()"
time="2022-06-03T05:11:18+03:00" level=info msg="router initializing" func="main.go:29" file="main.main()"
time="2022-06-03T05:11:18+03:00" level=info msg="server start" func="main.go:33" file="main.main()"
time="2022-06-03T05:12:08+03:00" level=info msg="create mongodb composite" func="main.go:15" file="main.main()"
time="2022-06-03T05:12:08+03:00" level=info msg="mongodb connection successful" func="client.go:44" file="GoClearArch/pkg/client/mongodb.NewClient()"
time="2022-06-03T05:12:08+03:00" level=info msg="database initialized" func="mongodb.go:25" file="GoClearArch/internal/composites.NewMongoDBComposite()"
time="2022-06-03T05:12:08+03:00" level=info msg="request composite initializing" func="main.go:23" file="main.main()"
time="2022-06-03T05:12:08+03:00" level=info msg="router initializing" func="main.go:29" file="main.main()"
time="2022-06-03T05:12:08+03:00" level=info msg="server start" func="main.go:33" file="main.main()"
time="2022-06-03T05:12:41+03:00" level=info msg="create mongodb composite" func="main.go:15" file="main.main()"
time="2022-06-03T05:12:41+03:00" level=info msg="mongodb connection successful" func="client.go:44" file="GoClearArch/pkg/client/mongodb.NewClient()"
time="2022-06-03T05:12:41+03:00" level=info msg="database initialized" func="mongodb.go:25" file="GoClearArch/internal/composites.NewMongoDBComposite()"
time="2022-06-03T05:12:41+03:00" level=info msg="request composite initializing" func="main.go:23" file="main.main()"
time="2022-06-03T05:12:41+03:00" level=info msg="router initializing" func="main.go:29" file="main.main()"
time="2022-06-03T05:12:41+03:00" level=info msg="server start" func="main.go:33" file="main.main()"
time="2022-06-03T05:14:55+03:00" level=info msg="create mongodb composite" func="main.go:15" file="main.main()"
time="2022-06-03T05:14:55+03:00" level=info msg="mongodb connection successful" func="client.go:44" file="GoClearArch/pkg/client/mongodb.NewClient()"
time="2022-06-03T05:14:55+03:00" level=info msg="database initialized" func="mongodb.go:25" file="GoClearArch/internal/composites.NewMongoDBComposite()"
time="2022-06-03T05:14:55+03:00" level=info msg="request composite initializing" func="main.go:23" file="main.main()"
time="2022-06-03T05:14:55+03:00" level=info msg="router initializing" func="main.go:29" file="main.main()"
time="2022-06-03T05:14:55+03:00" level=info msg="server start" func="main.go:33" file="main.main()"
time="2022-06-03T21:25:02+03:00" level=info msg="create mongodb composite" func="main.go:15" file="main.main()"
time="2022-06-03T21:25:02+03:00" level=info msg="mongodb connection successful" func="client.go:44" file="GoClearArch/pkg/client/mongodb.NewClient()"
time="2022-06-03T21:25:02+03:00" level=info msg="database initialized" func="mongodb.go:24" file="GoClearArch/internal/composites.NewMongoDBComposite()"
time="2022-06-03T21:25:02+03:00" level=info msg="request composite initializing" func="main.go:23" file="main.main()"
time="2022-06-03T21:25:02+03:00" level=info msg="router initializing" func="main.go:29" file="main.main()"
time="2022-06-03T21:25:02+03:00" level=info msg="server start" func="main.go:33" file="main.main()"
time="2022-06-03T21:27:03+03:00" level=info msg="create mongodb composite" func="main.go:15" file="main.main()"
time="2022-06-03T21:27:03+03:00" level=info msg="mongodb connection successful" func="client.go:44" file="GoClearArch/pkg/client/mongodb.NewClient()"
time="2022-06-03T21:27:03+03:00" level=info msg="database initialized" func="mongodb.go:24" file="GoClearArch/internal/composites.NewMongoDBComposite()"
time="2022-06-03T21:27:03+03:00" level=info msg="request composite initializing" func="main.go:23" file="main.main()"
time="2022-06-03T21:27:03+03:00" level=info msg="router initializing" func="main.go:29" file="main.main()"
time="2022-06-03T21:27:03+03:00" level=info msg="server start" func="main.go:33" file="main.main()"
time="2022-06-03T21:27:09+03:00" level=info msg="create mongodb composite" func="main.go:15" file="main.main()"
time="2022-06-03T21:27:09+03:00" level=info msg="mongodb connection successful" func="client.go:44" file="GoClearArch/pkg/client/mongodb.NewClient()"
time="2022-06-03T21:27:09+03:00" level=info msg="database initialized" func="mongodb.go:24" file="GoClearArch/internal/composites.NewMongoDBComposite()"
time="2022-06-03T21:27:09+03:00" level=info msg="request composite initializing" func="main.go:23" file="main.main()"
time="2022-06-03T21:27:09+03:00" level=info msg="router initializing" func="main.go:29" file="main.main()"
time="2022-06-03T21:27:09+03:00" level=info msg="server start" func="main.go:33" file="main.main()"
time="2022-06-03T21:41:12+03:00" level=info msg="create mongodb composite" func="main.go:15" file="main.main()"
time="2022-06-03T21:41:12+03:00" level=info msg="mongodb connection successful" func="client.go:44" file="GoClearArch/pkg/client/mongodb.NewClient()"
time="2022-06-03T21:41:12+03:00" level=info msg="database initialized" func="mongodb.go:24" file="GoClearArch/internal/composites.NewMongoDBComposite()"
time="2022-06-03T21:41:12+03:00" level=info msg="request composite initializing" func="main.go:23" file="main.main()"
time="2022-06-03T21:41:12+03:00" level=info msg="router initializing" func="main.go:29" file="main.main()"
time="2022-06-03T21:41:12+03:00" level=info msg="server start" func="main.go:33" file="main.main()"
time="2022-06-03T21:43:39+03:00" level=info msg="create mongodb composite" func="main.go:15" file="main.main()"
time="2022-06-03T21:43:39+03:00" level=info msg="mongodb connection successful" func="client.go:44" file="GoClearArch/pkg/client/mongodb.NewClient()"
time="2022-06-03T21:43:39+03:00" level=info msg="database initialized" func="mongodb.go:24" file="GoClearArch/internal/composites.NewMongoDBComposite()"
time="2022-06-03T21:43:39+03:00" level=info msg="request composite initializing" func="main.go:23" file="main.main()"
time="2022-06-03T21:43:39+03:00" level=info msg="router initializing" func="main.go:29" file="main.main()"
time="2022-06-03T21:43:39+03:00" level=info msg="server start" func="main.go:33" file="main.main()"
time="2022-06-03T21:46:35+03:00" level=info msg="create mongodb composite" func="main.go:15" file="main.main()"
time="2022-06-03T21:46:35+03:00" level=info msg="mongodb connection successful" func="client.go:44" file="GoClearArch/pkg/client/mongodb.NewClient()"
time="2022-06-03T21:46:35+03:00" level=info msg="database initialized" func="mongodb.go:24" file="GoClearArch/internal/composites.NewMongoDBComposite()"
time="2022-06-03T21:46:35+03:00" level=info msg="request composite initializing" func="main.go:23" file="main.main()"
time="2022-06-03T21:46:35+03:00" level=info msg="router initializing" func="main.go:29" file="main.main()"
time="2022-06-03T21:46:35+03:00" level=info msg="server start" func="main.go:33" file="main.main()"
time="2022-06-03T21:47:06+03:00" level=info msg="create mongodb composite" func="main.go:15" file="main.main()"
time="2022-06-03T21:47:06+03:00" level=info msg="mongodb connection successful" func="client.go:44" file="GoClearArch/pkg/client/mongodb.NewClient()"
time="2022-06-03T21:47:06+03:00" level=info msg="database initialized" func="mongodb.go:24" file="GoClearArch/internal/composites.NewMongoDBComposite()"
time="2022-06-03T21:47:06+03:00" level=info msg="request composite initializing" func="main.go:23" file="main.main()"
time="2022-06-03T21:47:06+03:00" level=info msg="router initializing" func="main.go:29" file="main.main()"
time="2022-06-03T21:47:06+03:00" level=info msg="server start" func="main.go:33" file="main.main()"
time="2022-06-03T22:12:02+03:00" level=info msg="create mongodb composite" func="main.go:15" file="main.main()"
time="2022-06-03T22:12:02+03:00" level=info msg="mongodb connection successful" func="client.go:44" file="GoClearArch/pkg/client/mongodb.NewClient()"
time="2022-06-03T22:12:02+03:00" level=info msg="database initialized" func="mongodb.go:24" file="GoClearArch/internal/composites.NewMongoDBComposite()"
time="2022-06-03T22:12:02+03:00" level=info msg="request composite initializing" func="main.go:23" file="main.main()"
time="2022-06-03T22:12:02+03:00" level=info msg="router initializing" func="main.go:29" file="main.main()"
time="2022-06-03T22:12:02+03:00" level=info msg="server start" func="main.go:33" file="main.main()"
time="2022-06-05T00:31:52+03:00" level=info msg="create mongodb composite" func="main.go:15" file="main.main()"
time="2022-06-05T00:31:52+03:00" level=info msg="mongodb connection successful" func="client.go:44" file="GoClearArch/pkg/client/mongodb.NewClient()"
time="2022-06-05T00:31:52+03:00" level=info msg="database initialized" func="mongodb.go:24" file="GoClearArch/internal/composites.NewMongoDBComposite()"
time="2022-06-05T00:31:52+03:00" level=info msg="request composite initializing" func="main.go:23" file="main.main()"
time="2022-06-05T00:31:52+03:00" level=info msg="router initializing" func="main.go:29" file="main.main()"
time="2022-06-05T00:31:52+03:00" level=info msg="server start" func="main.go:33" file="main.main()"
time="2022-06-05T00:39:36+03:00" level=info msg="create mongodb composite" func="main.go:15" file="main.main()"
time="2022-06-05T00:39:36+03:00" level=info msg="mongodb connection successful" func="client.go:44" file="GoClearArch/pkg/client/mongodb.NewClient()"
time="2022-06-05T00:39:36+03:00" level=info msg="database initialized" func="mongodb.go:24" file="GoClearArch/internal/composites.NewMongoDBComposite()"
time="2022-06-05T00:39:36+03:00" level=info msg="request composite initializing" func="main.go:23" file="main.main()"
time="2022-06-05T00:39:36+03:00" level=info msg="router initializing" func="main.go:29" file="main.main()"
time="2022-06-05T00:39:36+03:00" level=info msg="server start" func="main.go:33" file="main.main()"
time="2022-06-05T00:41:56+03:00" level=info msg="create mongodb composite" func="main.go:15" file="main.main()"
time="2022-06-05T00:41:56+03:00" level=info msg="mongodb connection successful" func="client.go:44" file="GoClearArch/pkg/client/mongodb.NewClient()"
time="2022-06-05T00:41:56+03:00" level=info msg="database initialized" func="mongodb.go:24" file="GoClearArch/internal/composites.NewMongoDBComposite()"
time="2022-06-05T00:41:56+03:00" level=info msg="request composite initializing" func="main.go:23" file="main.main()"
time="2022-06-05T00:41:56+03:00" level=info msg="router initializing" func="main.go:29" file="main.main()"
time="2022-06-05T00:41:56+03:00" level=info msg="server start" func="main.go:33" file="main.main()"
time="2022-06-06T17:49:22+03:00" level=info msg="create mongodb composite" func="main.go:15" file="main.main()"
time="2022-06-06T17:49:22+03:00" level=info msg="mongodb connection successful" func="client.go:44" file="GoClearArch/pkg/client/mongodb.NewClient()"
time="2022-06-06T17:49:22+03:00" level=info msg="database initialized" func="mongodb.go:24" file="GoClearArch/internal/composites.NewMongoDBComposite()"
time="2022-06-06T17:49:22+03:00" level=info msg="request composite initializing" func="main.go:22" file="main.main()"
time="2022-06-06T17:49:22+03:00" level=info msg="router initializing" func="main.go:28" file="main.main()"
time="2022-06-06T17:49:22+03:00" level=info msg="server start" func="main.go:32" file="main.main()"
time="2022-06-06T17:50:45+03:00" level=info msg="create mongodb composite" func="main.go:15" file="main.main()"
time="2022-06-06T17:50:45+03:00" level=info msg="mongodb connection successful" func="client.go:44" file="GoClearArch/pkg/client/mongodb.NewClient()"
time="2022-06-06T17:50:45+03:00" level=info msg="database initialized" func="mongodb.go:24" file="GoClearArch/internal/composites.NewMongoDBComposite()"
time="2022-06-06T17:50:45+03:00" level=info msg="request composite initializing" func="main.go:22" file="main.main()"
time="2022-06-06T17:50:45+03:00" level=info msg="router initializing" func="main.go:28" file="main.main()"
time="2022-06-06T17:50:45+03:00" level=info msg="server start" func="main.go:32" file="main.main()"
time="2022-06-06T17:52:17+03:00" level=info msg="create mongodb composite" func="main.go:15" file="main.main()"
time="2022-06-06T17:52:17+03:00" level=info msg="mongodb connection successful" func="client.go:44" file="GoClearArch/pkg/client/mongodb.NewClient()"
time="2022-06-06T17:52:17+03:00" level=info msg="database initialized" func="mongodb.go:24" file="GoClearArch/internal/composites.NewMongoDBComposite()"
time="2022-06-06T17:52:17+03:00" level=info msg="request composite initializing" func="main.go:22" file="main.main()"
time="2022-06-06T17:52:17+03:00" level=info msg="router initializing" func="main.go:28" file="main.main()"
time="2022-06-06T17:52:17+03:00" level=info msg="server start" func="main.go:32" file="main.main()"
time="2022-06-06T17:56:25+03:00" level=info msg="create mongodb composite" func="main.go:15" file="main.main()"
time="2022-06-06T17:56:25+03:00" level=info msg="mongodb connection successful" func="client.go:44" file="GoClearArch/pkg/client/mongodb.NewClient()"
time="2022-06-06T17:56:25+03:00" level=info msg="database initialized" func="mongodb.go:24" file="GoClearArch/internal/composites.NewMongoDBComposite()"
time="2022-06-06T17:56:25+03:00" level=info msg="request composite initializing" func="main.go:22" file="main.main()"
time="2022-06-06T17:56:25+03:00" level=info msg="router initializing" func="main.go:28" file="main.main()"
time="2022-06-06T17:56:25+03:00" level=info msg="server start" func="main.go:32" file="main.main()"
time="2022-06-06T18:20:58+03:00" level=info msg="create mongodb composite" func="main.go:15" file="main.main()"
time="2022-06-06T18:20:58+03:00" level=info msg="mongodb connection successful" func="client.go:44" file="GoClearArch/pkg/client/mongodb.NewClient()"
time="2022-06-06T18:20:59+03:00" level=info msg="database initialized" func="mongodb.go:24" file="GoClearArch/internal/composites.NewMongoDBComposite()"
time="2022-06-06T18:20:59+03:00" level=info msg="request composite initializing" func="main.go:22" file="main.main()"
time="2022-06-06T18:20:59+03:00" level=info msg="router initializing" func="main.go:28" file="main.main()"
time="2022-06-06T18:20:59+03:00" level=info msg="server start" func="main.go:32" file="main.main()"
time="2022-06-07T15:38:08+03:00" level=info msg="create mongodb composite" func="main.go:15" file="main.main()"
time="2022-06-07T15:38:09+03:00" level=info msg="mongodb connection successful" func="client.go:44" file="GoClearArch/pkg/client/mongodb.NewClient()"
time="2022-06-07T15:38:09+03:00" level=info msg="database initialized" func="mongodb.go:24" file="GoClearArch/internal/composites.NewMongoDBComposite()"
time="2022-06-07T15:38:09+03:00" level=info msg="request composite initializing" func="main.go:22" file="main.main()"
time="2022-06-07T15:38:09+03:00" level=info msg="router initializing" func="main.go:28" file="main.main()"
time="2022-06-07T15:38:09+03:00" level=info msg="server start" func="main.go:32" file="main.main()"
time="2022-06-07T15:39:04+03:00" level=info msg="create mongodb composite" func="main.go:15" file="main.main()"
time="2022-06-07T15:39:05+03:00" level=info msg="mongodb connection successful" func="client.go:44" file="GoClearArch/pkg/client/mongodb.NewClient()"
time="2022-06-07T15:39:05+03:00" level=info msg="database initialized" func="mongodb.go:24" file="GoClearArch/internal/composites.NewMongoDBComposite()"
time="2022-06-07T15:39:05+03:00" level=info msg="request composite initializing" func="main.go:22" file="main.main()"
time="2022-06-07T15:39:05+03:00" level=info msg="router initializing" func="main.go:28" file="main.main()"
time="2022-06-07T15:39:05+03:00" level=info msg="server start" func="main.go:32" file="main.main()"
time="2022-06-07T15:39:39+03:00" level=info msg="create mongodb composite" func="main.go:15" file="main.main()"
time="2022-06-07T15:39:39+03:00" level=info msg="mongodb connection successful" func="client.go:44" file="GoClearArch/pkg/client/mongodb.NewClient()"
time="2022-06-07T15:39:40+03:00" level=info msg="database initialized" func="mongodb.go:24" file="GoClearArch/internal/composites.NewMongoDBComposite()"
time="2022-06-07T15:39:40+03:00" level=info msg="request composite initializing" func="main.go:22" file="main.main()"
time="2022-06-07T15:39:40+03:00" level=info msg="router initializing" func="main.go:28" file="main.main()"
time="2022-06-07T15:39:40+03:00" level=info msg="server start" func="main.go:32" file="main.main()"
